<?xml version="1.0" encoding="UTF-8"?>
<testng-results ignored="0" total="1" passed="1" failed="0" skipped="0">
  <reporter-output>
  </reporter-output>
  <suite started-at="2025-10-04T21:55:32 IST" name="Suite" finished-at="2025-10-04T21:55:57 IST" duration-ms="24704">
    <groups>
      <group name="sanity">
        <method signature="Account_Registration_TC001.verify_account_registration_TC001()[pri:0, instance:testCases.Account_Registration_TC001@3eb25e1a]" name="verify_account_registration_TC001" class="testCases.Account_Registration_TC001"/>
      </group> <!-- sanity -->
    </groups>
    <test started-at="2025-10-04T21:55:32 IST" name="Test" finished-at="2025-10-04T21:55:57 IST" duration-ms="24704">
      <class name="testCases.Account_Registration_TC001">
        <test-method is-config="true" signature="setup(java.lang.String,java.lang.String)[pri:0, instance:testCases.Account_Registration_TC001@3eb25e1a]" started-at="2025-10-04T21:55:32 IST" name="setup" finished-at="2025-10-04T21:55:39 IST" duration-ms="6560" status="PASS">
          <params>
            <param index="0">
              <value>
                <![CDATA[window]]>
              </value>
            </param>
            <param index="1">
              <value>
                <![CDATA[chrome]]>
              </value>
            </param>
          </params>
          <reporter-output>
          </reporter-output>
        </test-method> <!-- setup -->
        <test-method signature="verify_account_registration_TC001()[pri:0, instance:testCases.Account_Registration_TC001@3eb25e1a]" started-at="2025-10-04T21:55:39 IST" name="verify_account_registration_TC001" finished-at="2025-10-04T21:55:57 IST" duration-ms="17946" status="PASS">
          <reporter-output>
          </reporter-output>
        </test-method> <!-- verify_account_registration_TC001 -->
        <test-method is-config="true" signature="tearDown()[pri:0, instance:testCases.Account_Registration_TC001@3eb25e1a]" started-at="2025-10-04T21:55:57 IST" name="tearDown" finished-at="2025-10-04T21:55:57 IST" duration-ms="145" status="PASS">
          <reporter-output>
          </reporter-output>
        </test-method> <!-- tearDown -->
      </class> <!-- testCases.Account_Registration_TC001 -->
    </test> <!-- Test -->
  </suite> <!-- Suite -->
</testng-results>
